{
  "RSpec": {
    "coverage": {
      "/Users/Kelly/Desktop/Mastermind/lib/mastermind/board.rb": [
        1,
        1,
        1,
        null,
        1,
        8,
        null,
        null,
        1,
        14,
        null,
        null,
        null
      ],
      "/Users/Kelly/Desktop/Mastermind/lib/mastermind/console_io.rb": [
        1,
        1,
        null,
        1,
        5,
        null,
        null,
        1,
        3,
        null,
        null,
        1,
        1,
        null,
        null,
        1,
        2,
        null,
        null,
        1,
        17,
        null,
        null,
        1,
        null,
        null,
        null,
        1,
        null,
        null,
        1,
        null,
        null,
        1,
        null,
        null,
        1,
        null,
        null,
        null,
        null,
        null,
        1,
        null,
        null,
        1,
        1,
        null,
        null,
        1,
        1,
        null,
        null,
        1,
        1,
        null,
        null,
        1,
        1,
        null,
        null,
        1,
        null,
        null,
        null,
        5,
        null,
        null,
        1,
        null,
        1,
        null,
        null,
        null,
        null,
        null,
        null,
        null,
        null,
        null,
        null,
        null,
        null,
        null,
        null,
        null,
        null,
        null,
        null,
        null,
        5,
        null,
        null,
        1,
        null,
        null,
        null,
        null,
        5,
        null,
        null,
        1,
        5,
        5,
        5,
        null,
        5,
        null,
        null,
        1,
        5,
        5,
        5,
        5,
        5,
        null,
        null,
        1,
        10,
        null,
        50,
        null,
        10,
        null,
        null,
        1,
        50,
        null,
        null,
        1,
        10,
        null,
        null,
        1,
        5,
        null,
        null,
        1,
        null,
        null,
        5,
        null,
        null,
        null,
        null
      ],
      "/Users/Kelly/Desktop/Mastermind/lib/mastermind/feedback.rb": [
        1,
        1,
        null,
        1,
        32,
        32,
        32,
        null,
        32,
        32,
        32,
        32,
        null,
        null,
        1,
        32,
        null,
        130,
        47,
        47,
        47,
        null,
        null,
        null,
        null,
        null,
        1,
        32,
        null,
        130,
        26,
        26,
        26,
        null,
        null,
        null,
        null,
        null,
        1,
        32,
        57,
        null,
        null,
        null,
        1,
        32,
        null,
        null,
        null,
        null
      ],
      "/Users/Kelly/Desktop/Mastermind/lib/mastermind/game.rb": [
        1,
        1,
        1,
        1,
        null,
        1,
        1,
        1,
        1,
        null,
        1,
        6,
        6,
        6,
        6,
        6,
        6,
        null,
        null,
        1,
        5,
        5,
        5,
        null,
        null,
        1,
        5,
        5,
        5,
        null,
        null,
        1,
        5,
        13,
        13,
        13,
        13,
        13,
        null,
        null,
        null,
        1,
        5,
        5,
        null,
        null,
        1,
        5,
        null,
        null,
        1,
        5,
        null,
        null,
        1,
        5,
        null,
        null,
        1,
        18,
        null,
        null,
        1,
        18,
        null,
        null,
        1,
        13,
        null,
        null,
        1,
        13,
        null,
        null,
        1,
        13,
        null,
        null,
        1,
        13,
        null,
        null,
        1,
        5,
        null,
        null,
        1,
        4,
        null,
        null,
        1,
        1,
        null,
        null,
        null,
        null
      ],
      "/Users/Kelly/Desktop/Mastermind/lib/mastermind/game_rules.rb": [
        1,
        1,
        null,
        1,
        9,
        null,
        null,
        1,
        23,
        null,
        null,
        1,
        null,
        null,
        25,
        null,
        null,
        1,
        23,
        null,
        null,
        null,
        null
      ],
      "/Users/Kelly/Desktop/Mastermind/lib/mastermind/secret_code.rb": [
        1,
        1,
        1,
        null,
        1,
        3,
        null,
        3,
        12,
        null,
        null,
        3,
        null,
        null,
        1,
        8,
        null,
        null,
        1,
        17,
        null,
        null,
        1,
        23,
        null,
        null,
        1,
        23,
        null,
        null,
        null,
        null,
        null,
        null,
        1,
        24,
        null,
        null,
        null,
        null
      ],
      "/Users/Kelly/Desktop/Mastermind/lib/mastermind/game_runner.rb": [
        1,
        1,
        1,
        1,
        null,
        1,
        1,
        1,
        null,
        1,
        1,
        1,
        1,
        null,
        null,
        1,
        0,
        0,
        null,
        null,
        null,
        null
      ],
      "/Users/Kelly/Desktop/Mastermind/lib/mastermind/validations.rb": [
        1,
        1,
        null,
        1,
        9,
        null,
        null,
        1,
        24,
        null,
        null,
        1,
        24,
        null,
        null,
        1,
        18,
        null,
        null,
        null,
        null
      ],
      "/Users/Kelly/Desktop/Mastermind/lib/mastermind/prompter.rb": [
        1,
        1,
        1,
        null,
        1,
        null,
        null,
        null,
        null,
        1,
        13,
        13,
        null,
        null,
        1,
        15,
        null,
        15,
        5,
        5,
        null,
        null,
        15,
        null,
        null,
        1,
        20,
        20,
        null,
        null,
        1,
        3,
        null,
        3,
        4,
        4,
        null,
        null,
        3,
        null,
        null,
        1,
        7,
        7,
        null,
        null,
        null,
        null
      ]
    },
    "timestamp": 1366303122
  }
}
