{
  "RSpec": {
    "coverage": {
      "/Users/Kelly/Desktop/Mastermind/lib/mastermind/board.rb": [
        1,
        1,
        1,
        null,
        1,
        2,
        null,
        null,
        1,
        1,
        null,
        null,
        null
      ],
      "/Users/Kelly/Desktop/Mastermind/lib/mastermind/console_io.rb": [
        1,
        1,
        null,
        1,
        5,
        null,
        null,
        1,
        3,
        null,
        null,
        1,
        1,
        null,
        null,
        1,
        2,
        null,
        null,
        1,
        1,
        null,
        null,
        1,
        1,
        null,
        null,
        1,
        1,
        null,
        null,
        1,
        0,
        null,
        null,
        1,
        1,
        null,
        null,
        1,
        1,
        null,
        null,
        1,
        1,
        null,
        null,
        1,
        1,
        null,
        null,
        1,
        null,
        null,
        null,
        5,
        null,
        null,
        1,
        null,
        1,
        null,
        null,
        null,
        null,
        null,
        null,
        null,
        null,
        null,
        null,
        null,
        null,
        null,
        null,
        null,
        null,
        null,
        null,
        5,
        null,
        null,
        1,
        null,
        null,
        null,
        null,
        5,
        null,
        null,
        1,
        5,
        5,
        5,
        null,
        5,
        null,
        null,
        1,
        5,
        5,
        5,
        5,
        5,
        null,
        null,
        1,
        10,
        null,
        50,
        null,
        10,
        null,
        null,
        1,
        50,
        null,
        null,
        1,
        10,
        null,
        null,
        1,
        5,
        null,
        null,
        1,
        null,
        null,
        5,
        null,
        null,
        null,
        null
      ],
      "/Users/Kelly/Desktop/Mastermind/lib/mastermind/feedback.rb": [
        1,
        1,
        null,
        1,
        null,
        null,
        null,
        null,
        null
      ],
      "/Users/Kelly/Desktop/Mastermind/lib/mastermind/game.rb": [
        1,
        null,
        1,
        1,
        null,
        1,
        0,
        0,
        0,
        null,
        null,
        1,
        0,
        0,
        0,
        null,
        null,
        1,
        0,
        0,
        0,
        null,
        null,
        1,
        0,
        0,
        0,
        0,
        0,
        null,
        null,
        null,
        1,
        0,
        null,
        null,
        1,
        0,
        null,
        null,
        1,
        0,
        null,
        null,
        1,
        0,
        null,
        null,
        1,
        0,
        null,
        null,
        1,
        0,
        null,
        null,
        1,
        0,
        null,
        null,
        1,
        0,
        null,
        null,
        1,
        0,
        null,
        null,
        null,
        null
      ],
      "/Users/Kelly/Desktop/Mastermind/lib/mastermind/game_rules.rb": [
        1,
        1,
        null,
        1,
        7,
        null,
        null,
        1,
        14,
        null,
        null,
        1,
        15,
        null,
        null,
        1,
        15,
        null,
        null,
        1,
        1,
        null,
        null,
        1,
        16,
        null,
        null,
        null,
        null,
        null,
        null,
        1,
        1,
        null,
        null,
        null,
        1,
        4,
        null,
        null,
        1,
        2,
        null,
        null,
        1,
        4,
        null,
        null,
        null,
        null
      ],
      "/Users/Kelly/Desktop/Mastermind/lib/mastermind/game_runner.rb": [
        1,
        1,
        1,
        1,
        1,
        null,
        1,
        1,
        null,
        1,
        0,
        0,
        0,
        0,
        null,
        null,
        1,
        0,
        0,
        null,
        null,
        null,
        null
      ],
      "/Users/Kelly/Desktop/Mastermind/lib/mastermind/validations.rb": [
        1,
        1,
        null,
        1,
        9,
        null,
        null,
        1,
        8,
        null,
        null,
        1,
        8,
        null,
        null,
        1,
        5,
        null,
        null,
        null,
        null
      ],
      "/Users/Kelly/Desktop/Mastermind/lib/mastermind/prompter.rb": [
        1,
        1,
        1,
        null,
        1,
        null,
        null,
        null,
        null,
        1,
        6,
        6,
        6,
        null,
        null,
        1,
        2,
        null,
        2,
        2,
        2,
        null,
        null,
        2,
        null,
        null,
        1,
        4,
        4,
        null,
        null,
        1,
        3,
        null,
        3,
        4,
        4,
        null,
        null,
        3,
        null,
        null,
        1,
        7,
        7,
        null,
        null,
        null,
        null
      ],
      "/Users/Kelly/Desktop/Mastermind/lib/mastermind/secret_code.rb": [
        1,
        null,
        1,
        1,
        1,
        null,
        1,
        2,
        null,
        null,
        1,
        2,
        2,
        10,
        null,
        null,
        null,
        null
      ]
    },
    "timestamp": 1366220959
  }
}
